        -:    0:Source:dominion.c
        -:    0:Graph:dominion.gcno
        -:    0:Data:dominion.gcda
        -:    0:Runs:1
        -:    0:Programs:1
        -:    1:#include "dominion.h"
        -:    2:#include "dominion_helpers.h"
        -:    3:#include "rngs.h"
        -:    4:#include <stdio.h>
        -:    5:#include <math.h>
        -:    6:#include <stdlib.h>
        -:    7:
       30:    8:int compare(const void* a, const void* b) {
       30:    9:  if (*(int*)a > *(int*)b)
    #####:   10:    return 1;
       30:   11:  if (*(int*)a < *(int*)b)
        8:   12:    return -1;
       22:   13:  return 0;
        -:   14:}
        -:   15:
    #####:   16:struct gameState* newGame() {
    #####:   17:  struct gameState* g = malloc(sizeof(struct gameState));
    #####:   18:  return g;
        -:   19:}
        -:   20:
    #####:   21:int* kingdomCards(int k1, int k2, int k3, int k4, int k5, int k6, int k7,
        -:   22:		  int k8, int k9, int k10) {
    #####:   23:  int* k = malloc(10 * sizeof(int));
    #####:   24:  k[0] = k1;
    #####:   25:  k[1] = k2;
    #####:   26:  k[2] = k3;
    #####:   27:  k[3] = k4;
    #####:   28:  k[4] = k5;
    #####:   29:  k[5] = k6;
    #####:   30:  k[6] = k7;
    #####:   31:  k[7] = k8;
    #####:   32:  k[8] = k9;
    #####:   33:  k[9] = k10;
    #####:   34:  return k;
        -:   35:}
        -:   36:
        1:   37:int initializeGame(int numPlayers, int kingdomCards[10], int randomSeed,
        -:   38:		   struct gameState *state) {
        -:   39:
        -:   40:  int i;
        -:   41:  int j;
        -:   42:  int it;			
        -:   43:  //set up random number generator
        1:   44:  SelectStream(1);
        1:   45:  PutSeed((long)randomSeed);
        -:   46:  
        -:   47:  //check number of players
        1:   48:  if (numPlayers > MAX_PLAYERS || numPlayers < 2)
        -:   49:    {
    #####:   50:      return -1;
        -:   51:    }
        -:   52:
        -:   53:  //set number of players
        1:   54:  state->numPlayers = numPlayers;
        -:   55:
        -:   56:  //check selected kingdom cards are different
       11:   57:  for (i = 0; i < 10; i++)
        -:   58:    {
      110:   59:      for (j = 0; j < 10; j++)
        -:   60:        {
      100:   61:	  if (j != i && kingdomCards[j] == kingdomCards[i])
        -:   62:	    {
    #####:   63:	      return -1;
        -:   64:	    }
        -:   65:        }
        -:   66:    }
        -:   67:
        -:   68:
        -:   69:  //initialize supply
        -:   70:  ///////////////////////////////
        -:   71:
        -:   72:  //set number of Curse cards
        1:   73:  if (numPlayers == 2)
        -:   74:    {
        1:   75:      state->supplyCount[curse] = 10;
        -:   76:    }
    #####:   77:  else if (numPlayers == 3)
        -:   78:    {
    #####:   79:      state->supplyCount[curse] = 20;
        -:   80:    }
        -:   81:  else
        -:   82:    {
    #####:   83:      state->supplyCount[curse] = 30;
        -:   84:    }
        -:   85:
        -:   86:  //set number of Victory cards
        1:   87:  if (numPlayers == 2)
        -:   88:    {
        1:   89:      state->supplyCount[estate] = 8;
        1:   90:      state->supplyCount[duchy] = 8;
        1:   91:      state->supplyCount[province] = 8;
        -:   92:    }
        -:   93:  else
        -:   94:    {
    #####:   95:      state->supplyCount[estate] = 12;
    #####:   96:      state->supplyCount[duchy] = 12;
    #####:   97:      state->supplyCount[province] = 12;
        -:   98:    }
        -:   99:
        -:  100:  //set number of Treasure cards
        1:  101:  state->supplyCount[copper] = 60 - (7 * numPlayers);
        1:  102:  state->supplyCount[silver] = 40;
        1:  103:  state->supplyCount[gold] = 30;
        -:  104:
        -:  105:  //set number of Kingdom cards
       21:  106:  for (i = adventurer; i <= treasure_map; i++)       	//loop all cards
        -:  107:    {
      165:  108:      for (j = 0; j < 10; j++)           		//loop chosen cards
        -:  109:	{
      155:  110:	  if (kingdomCards[j] == i)
        -:  111:	    {
        -:  112:	      //check if card is a 'Victory' Kingdom card
       10:  113:	      if (kingdomCards[j] == great_hall || kingdomCards[j] == gardens)
        -:  114:		{
        4:  115:		  if (numPlayers == 2){ 
        2:  116:		    state->supplyCount[i] = 8; 
        -:  117:		  }
    #####:  118:		  else{ state->supplyCount[i] = 12; }
        -:  119:		}
        -:  120:	      else
        -:  121:		{
        8:  122:		  state->supplyCount[i] = 10;
        -:  123:		}
       10:  124:	      break;
        -:  125:	    }
        -:  126:	  else    //card is not in the set choosen for the game
        -:  127:	    {
      145:  128:	      state->supplyCount[i] = -1;
        -:  129:	    }
        -:  130:	}
        -:  131:
        -:  132:    }
        -:  133:
        -:  134:  ////////////////////////
        -:  135:  //supply intilization complete
        -:  136:
        -:  137:  //set player decks
        3:  138:  for (i = 0; i < numPlayers; i++)
        -:  139:    {
        2:  140:      state->deckCount[i] = 0;
        8:  141:      for (j = 0; j < 3; j++)
        -:  142:	{
        6:  143:	  state->deck[i][j] = estate;
        6:  144:	  state->deckCount[i]++;
        -:  145:	}
       16:  146:      for (j = 3; j < 10; j++)
        -:  147:	{
       14:  148:	  state->deck[i][j] = copper;
       14:  149:	  state->deckCount[i]++;		
        -:  150:	}
        -:  151:    }
        -:  152:
        -:  153:  //shuffle player decks
        3:  154:  for (i = 0; i < numPlayers; i++)
        -:  155:    {
        2:  156:      if ( shuffle(i, state) < 0 )
        -:  157:	{
    #####:  158:	  return -1;
        -:  159:	}
        -:  160:    }
        -:  161:
        -:  162:  //draw player hands
        3:  163:  for (i = 0; i < numPlayers; i++)
        -:  164:    {  
        -:  165:      //initialize hand size to zero
        2:  166:      state->handCount[i] = 0;
        2:  167:      state->discardCount[i] = 0;
        -:  168:      //draw 5 cards
        -:  169:      // for (j = 0; j < 5; j++)
        -:  170:      //	{
        -:  171:      //	  drawCard(i, state);
        -:  172:      //	}
        -:  173:    }
        -:  174:  
        -:  175:  //set embargo tokens to 0 for all supply piles
       28:  176:  for (i = 0; i <= treasure_map; i++)
        -:  177:    {
       27:  178:      state->embargoTokens[i] = 0;
        -:  179:    }
        -:  180:
        -:  181:  //initialize first player's turn
        1:  182:  state->outpostPlayed = 0;
        1:  183:  state->phase = 0;
        1:  184:  state->numActions = 1;
        1:  185:  state->numBuys = 1;
        1:  186:  state->playedCardCount = 0;
        1:  187:  state->whoseTurn = 0;
        1:  188:  state->handCount[state->whoseTurn] = 0;
        -:  189:  //int it; move to top
        -:  190:
        -:  191:  //Moved draw cards to here, only drawing at the start of a turn
        6:  192:  for (it = 0; it < 5; it++){
        5:  193:    drawCard(state->whoseTurn, state);
        -:  194:  }
        -:  195:
        1:  196:  updateCoins(state->whoseTurn, state, 0);
        -:  197:
        1:  198:  return 0;
        -:  199:}
        -:  200:
        2:  201:int shuffle(int player, struct gameState *state) {
        -:  202: 
        -:  203:
        -:  204:  int newDeck[MAX_DECK];
        2:  205:  int newDeckPos = 0;
        -:  206:  int card;
        -:  207:  int i;
        -:  208:
        2:  209:  if (state->deckCount[player] < 1)
    #####:  210:    return -1;
        2:  211:  qsort ((void*)(state->deck[player]), state->deckCount[player], sizeof(int), compare); 
        -:  212:  /* SORT CARDS IN DECK TO ENSURE DETERMINISM! */
        -:  213:
       24:  214:  while (state->deckCount[player] > 0) {
       20:  215:    card = floor(Random() * state->deckCount[player]);
       20:  216:    newDeck[newDeckPos] = state->deck[player][card];
       20:  217:    newDeckPos++;
       62:  218:    for (i = card; i < state->deckCount[player]-1; i++) {
       42:  219:      state->deck[player][i] = state->deck[player][i+1];
        -:  220:    }
       20:  221:    state->deckCount[player]--;
        -:  222:  }
       22:  223:  for (i = 0; i < newDeckPos; i++) {
       20:  224:    state->deck[player][i] = newDeck[i];
       20:  225:    state->deckCount[player]++;
        -:  226:  }
        -:  227:
        2:  228:  return 0;
        -:  229:}
        -:  230:
        1:  231:int playCard(int handPos, int choice1, int choice2, int choice3, struct gameState *state) 
        -:  232:{	
        -:  233:  int card;
        1:  234:  int coin_bonus = 0; 		//tracks coins gain from actions
        -:  235:
        -:  236:  //check if it is the right phase
        1:  237:  if (state->phase != 0)
        -:  238:    {
    #####:  239:      return -1;
        -:  240:    }
        -:  241:	
        -:  242:  //check if player has enough actions
        1:  243:  if ( state->numActions < 1 )
        -:  244:    {
    #####:  245:      return -1;
        -:  246:    }
        -:  247:	
        -:  248:  //get card played
        1:  249:  card = handCard(handPos, state);
        -:  250:	
        -:  251:  //check if selected card is an action
        1:  252:  if ( card < adventurer || card > treasure_map )
        -:  253:    {
    #####:  254:      return -1;
        -:  255:    }
        -:  256:	
        -:  257:  //play card
        1:  258:  if ( cardEffect(card, choice1, choice2, choice3, state, handPos, &coin_bonus) < 0 )
        -:  259:    {
    #####:  260:      return -1;
        -:  261:    }
        -:  262:	
        -:  263:  //reduce number of actions
        1:  264:  state->numActions--;
        -:  265:
        -:  266:  //update coins (Treasure cards may be added with card draws)
        1:  267:  updateCoins(state->whoseTurn, state, coin_bonus);
        -:  268:	
        1:  269:  return 0;
        -:  270:}
        -:  271:
    #####:  272:int buyCard(int supplyPos, struct gameState *state) {
        -:  273:  int who;
        -:  274:  if (DEBUG){
        -:  275:    printf("Entering buyCard...\n");
        -:  276:  }
        -:  277:
        -:  278:  // I don't know what to do about the phase thing.
        -:  279:
    #####:  280:  who = state->whoseTurn;
        -:  281:
    #####:  282:  if (state->numBuys < 1){
        -:  283:    if (DEBUG)
        -:  284:      printf("You do not have any buys left\n");
    #####:  285:    return -1;
    #####:  286:  } else if (supplyCount(supplyPos, state) <1){
        -:  287:    if (DEBUG)
        -:  288:      printf("There are not any of that type of card left\n");
    #####:  289:    return -1;
    #####:  290:  } else if (state->coins < getCost(supplyPos)){
        -:  291:    if (DEBUG) 
        -:  292:      printf("You do not have enough money to buy that. You have %d coins.\n", state->coins);
    #####:  293:    return -1;
        -:  294:  } else {
    #####:  295:    state->phase=1;
        -:  296:    //state->supplyCount[supplyPos]--;
    #####:  297:    gainCard(supplyPos, state, 0, who); //card goes in discard, this might be wrong.. (2 means goes into hand, 0 goes into discard)
        -:  298:  
    #####:  299:    state->coins = (state->coins) - (getCost(supplyPos));
    #####:  300:    state->numBuys--;
        -:  301:    if (DEBUG)
        -:  302:      printf("You bought card number %d for %d coins. You now have %d buys and %d coins.\n", supplyPos, getCost(supplyPos), state->numBuys, state->coins);
        -:  303:  }
        -:  304:
        -:  305:  //state->discard[who][state->discardCount[who]] = supplyPos;
        -:  306:  //state->discardCount[who]++;
        -:  307:    
    #####:  308:  return 0;
        -:  309:}
        -:  310:
    #####:  311:int numHandCards(struct gameState *state) {
    #####:  312:  return state->handCount[ whoseTurn(state) ];
        -:  313:}
        -:  314:
        1:  315:int handCard(int handPos, struct gameState *state) {
        1:  316:  int currentPlayer = whoseTurn(state);
        1:  317:  return state->hand[currentPlayer][handPos];
        -:  318:}
        -:  319:
    #####:  320:int supplyCount(int card, struct gameState *state) {
    #####:  321:  return state->supplyCount[card];
        -:  322:}
        -:  323:
    #####:  324:int fullDeckCount(int player, int card, struct gameState *state) {
        -:  325:  int i;
    #####:  326:  int count = 0;
        -:  327:
    #####:  328:  for (i = 0; i < state->deckCount[player]; i++)
        -:  329:    {
    #####:  330:      if (state->deck[player][i] == card) count++;
        -:  331:    }
        -:  332:
    #####:  333:  for (i = 0; i < state->handCount[player]; i++)
        -:  334:    {
    #####:  335:      if (state->hand[player][i] == card) count++;
        -:  336:    }
        -:  337:
    #####:  338:  for (i = 0; i < state->discardCount[player]; i++)
        -:  339:    {
    #####:  340:      if (state->discard[player][i] == card) count++;
        -:  341:    }
        -:  342:
    #####:  343:  return count;
        -:  344:}
        -:  345:
        2:  346:int whoseTurn(struct gameState *state) {
        2:  347:  return state->whoseTurn;
        -:  348:}
        -:  349:
    #####:  350:int endTurn(struct gameState *state) {
        -:  351:  int k;
        -:  352:  int i;
    #####:  353:  int currentPlayer = whoseTurn(state);
        -:  354:  
        -:  355:  //Discard hand
    #####:  356:  for (i = 0; i < state->handCount[currentPlayer]; i++){
    #####:  357:    state->discard[currentPlayer][state->discardCount[currentPlayer]++] = state->hand[currentPlayer][i];//Discard
    #####:  358:    state->hand[currentPlayer][i] = -1;//Set card to -1
        -:  359:  }
    #####:  360:  state->handCount[currentPlayer] = 0;//Reset hand count
        -:  361:    
        -:  362:  //Code for determining the player
    #####:  363:  if (currentPlayer < (state->numPlayers - 1)){ 
    #####:  364:    state->whoseTurn = currentPlayer + 1;//Still safe to increment
        -:  365:  }
        -:  366:  else{
    #####:  367:    state->whoseTurn = 0;//Max player has been reached, loop back around to player 1
        -:  368:  }
        -:  369:
    #####:  370:  state->outpostPlayed = 0;
    #####:  371:  state->phase = 0;
    #####:  372:  state->numActions = 1;
    #####:  373:  state->coins = 0;
    #####:  374:  state->numBuys = 1;
    #####:  375:  state->playedCardCount = 0;
    #####:  376:  state->handCount[state->whoseTurn] = 0;
        -:  377:
        -:  378:  //int k; move to top
        -:  379:  //Next player draws hand
    #####:  380:  for (k = 0; k < 5; k++){
    #####:  381:    drawCard(state->whoseTurn, state);//Draw a card
        -:  382:  }
        -:  383:
        -:  384:  //Update money
    #####:  385:  updateCoins(state->whoseTurn, state , 0);
        -:  386:
    #####:  387:  return 0;
        -:  388:}
        -:  389:
    #####:  390:int isGameOver(struct gameState *state) {
        -:  391:  int i;
        -:  392:  int j;
        -:  393:	
        -:  394:  //if stack of Province cards is empty, the game ends
    #####:  395:  if (state->supplyCount[province] == 0)
        -:  396:    {
    #####:  397:      return 1;
        -:  398:    }
        -:  399:
        -:  400:  //if three supply pile are at 0, the game ends
    #####:  401:  j = 0;
    #####:  402:  for (i = 0; i < 25; i++)
        -:  403:    {
    #####:  404:      if (state->supplyCount[i] == 0)
        -:  405:	{
    #####:  406:	  j++;
        -:  407:	}
        -:  408:    }
    #####:  409:  if ( j >= 3)
        -:  410:    {
    #####:  411:      return 1;
        -:  412:    }
        -:  413:
    #####:  414:  return 0;
        -:  415:}
        -:  416:
    #####:  417:int scoreFor (int player, struct gameState *state) {
        -:  418:
        -:  419:  int i;
    #####:  420:  int score = 0;
        -:  421:  //score from hand
    #####:  422:  for (i = 0; i < state->handCount[player]; i++)
        -:  423:    {
    #####:  424:      if (state->hand[player][i] == curse) { score = score - 1; };
    #####:  425:      if (state->hand[player][i] == estate) { score = score + 1; };
    #####:  426:      if (state->hand[player][i] == duchy) { score = score + 3; };
    #####:  427:      if (state->hand[player][i] == province) { score = score + 6; };
    #####:  428:      if (state->hand[player][i] == great_hall) { score = score + 1; };
    #####:  429:      if (state->hand[player][i] == gardens) { score = score + ( fullDeckCount(player, 0, state) / 10 ); };
        -:  430:    }
        -:  431:
        -:  432:  //score from discard
    #####:  433:  for (i = 0; i < state->discardCount[player]; i++)
        -:  434:    {
    #####:  435:      if (state->discard[player][i] == curse) { score = score - 1; };
    #####:  436:      if (state->discard[player][i] == estate) { score = score + 1; };
    #####:  437:      if (state->discard[player][i] == duchy) { score = score + 3; };
    #####:  438:      if (state->discard[player][i] == province) { score = score + 6; };
    #####:  439:      if (state->discard[player][i] == great_hall) { score = score + 1; };
    #####:  440:      if (state->discard[player][i] == gardens) { score = score + ( fullDeckCount(player, 0, state) / 10 ); };
        -:  441:    }
        -:  442:
        -:  443:  //score from deck
    #####:  444:  for (i = 0; i < state->discardCount[player]; i++)
        -:  445:    {
    #####:  446:      if (state->deck[player][i] == curse) { score = score - 1; };
    #####:  447:      if (state->deck[player][i] == estate) { score = score + 1; };
    #####:  448:      if (state->deck[player][i] == duchy) { score = score + 3; };
    #####:  449:      if (state->deck[player][i] == province) { score = score + 6; };
    #####:  450:      if (state->deck[player][i] == great_hall) { score = score + 1; };
    #####:  451:      if (state->deck[player][i] == gardens) { score = score + ( fullDeckCount(player, 0, state) / 10 ); };
        -:  452:    }
        -:  453:
    #####:  454:  return score;
        -:  455:}
        -:  456:
    #####:  457:int getWinners(int players[MAX_PLAYERS], struct gameState *state) {
        -:  458:  int i;	
        -:  459:  int j;
        -:  460:  int highScore;
        -:  461:  int currentPlayer;
        -:  462:
        -:  463:  //get score for each player
    #####:  464:  for (i = 0; i < MAX_PLAYERS; i++)
        -:  465:    {
        -:  466:      //set unused player scores to -9999
    #####:  467:      if (i >= state->numPlayers)
        -:  468:	{
    #####:  469:	  players[i] = -9999;
        -:  470:	}
        -:  471:      else
        -:  472:	{
    #####:  473:	  players[i] = scoreFor (i, state);
        -:  474:	}
        -:  475:    }
        -:  476:
        -:  477:  //find highest score
    #####:  478:  j = 0;
    #####:  479:  for (i = 0; i < MAX_PLAYERS; i++)
        -:  480:    {
    #####:  481:      if (players[i] > players[j])
        -:  482:	{
    #####:  483:	  j = i;
        -:  484:	}
        -:  485:    }
    #####:  486:  highScore = players[j];
        -:  487:
        -:  488:  //add 1 to players who had less turns
    #####:  489:  currentPlayer = whoseTurn(state);
    #####:  490:  for (i = 0; i < MAX_PLAYERS; i++)
        -:  491:    {
    #####:  492:      if ( players[i] == highScore && i > currentPlayer )
        -:  493:	{
    #####:  494:	  players[i]++;
        -:  495:	}
        -:  496:    }
        -:  497:
        -:  498:  //find new highest score
    #####:  499:  j = 0;
    #####:  500:  for (i = 0; i < MAX_PLAYERS; i++)
        -:  501:    {
    #####:  502:      if ( players[i] > players[j] )
        -:  503:	{
    #####:  504:	  j = i;
        -:  505:	}
        -:  506:    }
    #####:  507:  highScore = players[j];
        -:  508:
        -:  509:  //set winners in array to 1 and rest to 0
    #####:  510:  for (i = 0; i < MAX_PLAYERS; i++)
        -:  511:    {
    #####:  512:      if ( players[i] == highScore )
        -:  513:	{
    #####:  514:	  players[i] = 1;
        -:  515:	}
        -:  516:      else
        -:  517:	{
    #####:  518:	  players[i] = 0;
        -:  519:	}
        -:  520:    }
        -:  521:
    #####:  522:  return 0;
        -:  523:}
        -:  524:
        6:  525:int drawCard(int player, struct gameState *state)
        -:  526:{	int count;
        -:  527:  int deckCounter;
        6:  528:  if (state->deckCount[player] <= 0){//Deck is empty
        -:  529:    
        -:  530:    //Step 1 Shuffle the discard pile back into a deck
        -:  531:    int i;
        -:  532:    //Move discard to deck
    #####:  533:    for (i = 0; i < state->discardCount[player];i++){
    #####:  534:      state->deck[player][i] = state->discard[player][i];
    #####:  535:      state->discard[player][i] = -1;
        -:  536:    }
        -:  537:
    #####:  538:    state->deckCount[player] = state->discardCount[player];
    #####:  539:    state->discardCount[player] = 0;//Reset discard
        -:  540:
        -:  541:    //Shufffle the deck
    #####:  542:    shuffle(player, state);//Shuffle the deck up and make it so that we can draw
        -:  543:   
        -:  544:    if (DEBUG){//Debug statements
        -:  545:      printf("Deck count now: %d\n", state->deckCount[player]);
        -:  546:    }
        -:  547:    
    #####:  548:    state->discardCount[player] = 0;
        -:  549:
        -:  550:    //Step 2 Draw Card
    #####:  551:    count = state->handCount[player];//Get current player's hand count
        -:  552:    
        -:  553:    if (DEBUG){//Debug statements
        -:  554:      printf("Current hand count: %d\n", count);
        -:  555:    }
        -:  556:    
    #####:  557:    deckCounter = state->deckCount[player];//Create a holder for the deck count
        -:  558:
    #####:  559:    if (deckCounter == 0)
    #####:  560:      return -1;
        -:  561:
    #####:  562:    state->hand[player][count] = state->deck[player][deckCounter - 1];//Add card to hand
    #####:  563:    state->deckCount[player]--;
    #####:  564:    state->handCount[player]++;//Increment hand count
        -:  565:  }
        -:  566:
        -:  567:  else{
        6:  568:    int count = state->handCount[player];//Get current hand count for player
        -:  569:    int deckCounter;
        -:  570:    if (DEBUG){//Debug statements
        -:  571:      printf("Current hand count: %d\n", count);
        -:  572:    }
        -:  573:
        6:  574:    deckCounter = state->deckCount[player];//Create holder for the deck count
        6:  575:    state->hand[player][count] = state->deck[player][deckCounter - 1];//Add card to the hand
        6:  576:    state->deckCount[player]--;
        6:  577:    state->handCount[player]++;//Increment hand count
        -:  578:  }
        -:  579:
        6:  580:  return 0;
        -:  581:}
        -:  582:
    #####:  583:int getCost(int cardNumber)
        -:  584:{
    #####:  585:  switch( cardNumber ) 
        -:  586:    {
        -:  587:    case curse:
    #####:  588:      return 0;
        -:  589:    case estate:
    #####:  590:      return 2;
        -:  591:    case duchy:
    #####:  592:      return 5;
        -:  593:    case province:
    #####:  594:      return 8;
        -:  595:    case copper:
    #####:  596:      return 0;
        -:  597:    case silver:
    #####:  598:      return 3;
        -:  599:    case gold:
    #####:  600:      return 6;
        -:  601:    case adventurer:
    #####:  602:      return 6;
        -:  603:    case council_room:
    #####:  604:      return 5;
        -:  605:    case feast:
    #####:  606:      return 4;
        -:  607:    case gardens:
    #####:  608:      return 4;
        -:  609:    case mine:
    #####:  610:      return 5;
        -:  611:    case remodel:
    #####:  612:      return 4;
        -:  613:    case smithy:
    #####:  614:      return 4;
        -:  615:    case village:
    #####:  616:      return 3;
        -:  617:    case baron:
    #####:  618:      return 4;
        -:  619:    case great_hall:
    #####:  620:      return 3;
        -:  621:    case minion:
    #####:  622:      return 5;
        -:  623:    case steward:
    #####:  624:      return 3;
        -:  625:    case tribute:
    #####:  626:      return 5;
        -:  627:    case ambassador:
    #####:  628:      return 3;
        -:  629:    case cutpurse:
    #####:  630:      return 4;
        -:  631:    case embargo: 
    #####:  632:      return 2;
        -:  633:    case outpost:
    #####:  634:      return 5;
        -:  635:    case salvager:
    #####:  636:      return 4;
        -:  637:    case sea_hag:
    #####:  638:      return 4;
        -:  639:    case treasure_map:
    #####:  640:      return 4;
        -:  641:    }
        -:  642:	
    #####:  643:  return -1;
        -:  644:}
        -:  645:
    #####:  646:void adventurer_call(struct gameState* state, int currentPlayer, int drawntreasure, int z, int temphand[MAX_HAND], int cardDrawn) {
    #####:  647:	while(drawntreasure < 2) {
        -:  648:		
    #####:  649:		if (state->deckCount[currentPlayer] < 1) {	//if the deck is empty we need to shuffle discard and add to deck
    #####:  650:			shuffle(currentPlayer, state);
        -:  651:		}
        -:  652:		
    #####:  653:		drawCard(currentPlayer, state);
    #####:  654:		cardDrawn = state->hand[currentPlayer][state->handCount[currentPlayer] - 1];	//top card of hand is most recently drawn card.
        -:  655:		
    #####:  656:		if (cardDrawn == copper || cardDrawn == silver || cardDrawn == gold)
    #####:  657:			drawntreasure++;
        -:  658:		
        -:  659:		else {
    #####:  660:			temphand[z]=cardDrawn;
    #####:  661:			state->handCount[currentPlayer]--;	//this should just remove the top card (the most recently drawn one).
    #####:  662:			z++;
        -:  663:		}
        -:  664:    }
        -:  665:      
    #####:  666:	while(z - 1 >= 0) {
    #####:  667:		state->discard[currentPlayer][state->discardCount[currentPlayer]++]=temphand[z - 1]; // discard all cards in play that have been drawn
    #####:  668:		z = z - 1;
        -:  669:    }
    #####:  670:}
        -:  671:
    #####:  672:void council_room_call(struct gameState* state, int currentPlayer, int handPos, int i) {
        -:  673:	//+4 Cards
    #####:  674:	for (i = 0; i <= 4; i++) {
    #####:  675:		drawCard(currentPlayer, state);
        -:  676:	}
        -:  677:			
        -:  678:    //+1 Buy
    #####:  679:    state->numBuys++;
        -:  680:			
        -:  681:    //Each other player draws a card
    #####:  682:    for (i = 0; i < state->numPlayers; i++) {
    #####:  683:		if ( i != currentPlayer )
    #####:  684:			drawCard(i, state);
        -:  685:	}
        -:  686:			
        -:  687:    //put played card in played card pile
    #####:  688:    discardCard(handPos, currentPlayer, state, 0);
    #####:  689:}
        -:  690:
    #####:  691:void feast_call(struct gameState* state, int currentPlayer, int i, int x, int choice1, int temphand[MAX_HAND]) {
        -:  692:	//gain card with cost up to 5
        -:  693:    //Backup hand
    #####:  694:    for (i = 0; i <= state->handCount[currentPlayer]; i++){
    #####:  695:		temphand[i] = state->hand[currentPlayer][i];//Backup card
    #####:  696:		state->hand[currentPlayer][i] = -1;//Set to nothing
        -:  697:    }
        -:  698:    //Backup hand
        -:  699:
        -:  700:    //Update Coins for Buy
    #####:  701:    updateCoins(currentPlayer, state, 5);
    #####:  702:    x = 1;	//Condition to loop on
        -:  703:	
    #####:  704:    while(x == 1) {	//Buy one card
        -:  705:	
    #####:  706:		if (supplyCount(choice1, state) <= 0) {
        -:  707:			if (DEBUG)
        -:  708:				printf("None of that card left, sorry!\n");
        -:  709:
        -:  710:			if (DEBUG)
        -:  711:				printf("Cards Left: %d\n", supplyCount(choice1, state));
        -:  712:		}
        -:  713:		
    #####:  714:		else if (state->coins < getCost(choice1)) {
    #####:  715:			printf("That card is too expensive!\n");
        -:  716:
        -:  717:		if (DEBUG)
        -:  718:			printf("Coins: %d < %d\n", state->coins, getCost(choice1));
        -:  719:		}
        -:  720:		
        -:  721:		else {
        -:  722:
        -:  723:			if (DEBUG)
        -:  724:				printf("Deck Count: %d\n", state->handCount[currentPlayer] + state->deckCount[currentPlayer] + state->discardCount[currentPlayer]);
        -:  725:
    #####:  726:			gainCard(choice1, state, 0, currentPlayer);	//Gain the card
    #####:  727:			x = 0;	//No more buying cards
        -:  728:
        -:  729:			if (DEBUG)
        -:  730:				printf("Deck Count: %d\n", state->handCount[currentPlayer] + state->deckCount[currentPlayer] + state->discardCount[currentPlayer]);
        -:  731:
        -:  732:		}
        -:  733:	}     
        -:  734:
        -:  735:    //Reset Hand
    #####:  736:    for (i = 0; i <= state->handCount[currentPlayer]; i++) {
    #####:  737:		state->hand[currentPlayer][i] = temphand[i];
    #####:  738:		temphand[i] = -1;
        -:  739:    }
        -:  740:    //Reset Hand
    #####:  741:}
        -:  742:
    #####:  743:int gardens_call() {
    #####:  744:	int x = -1;
    #####:  745:	return x;
        -:  746:}
        -:  747:
    #####:  748:int mine_call(struct gameState* state, int currentPlayer, int choice1, int choice2, int handPos, int i, int j) {
    #####:  749:	j = state->hand[currentPlayer][choice1];  //store card we will trash
        -:  750:
    #####:  751:    if (state->hand[currentPlayer][choice1] < copper || state->hand[currentPlayer][choice1] > gold)
    #####:  752:		return -1;
        -:  753:		
    #####:  754:    if (choice1 > treasure_map || choice2 < curse)
    #####:  755:		return -1;
        -:  756:
    #####:  757:    if ( (getCost(state->hand[currentPlayer][choice1]) + 3) > getCost(choice2) )
    #####:  758:		return -1;
        -:  759:
    #####:  760:    gainCard(choice2, state, 2, currentPlayer);
        -:  761:
        -:  762:    //discard card from hand
    #####:  763:    discardCard(handPos, currentPlayer, state, 0);
        -:  764:
        -:  765:    //discard trashed card
    #####:  766:    for (i = 0; i < state->handCount[currentPlayer]; i++) {
        -:  767:	  
    #####:  768:		if (state->hand[currentPlayer][i] == j) {
    #####:  769:			discardCard(i, currentPlayer, state, 0);			
    #####:  770:			break;
        -:  771:	    }
        -:  772:	}
        -:  773:	
    #####:  774:	return 0;
        -:  775:}
        1:  776:int cardEffect(int card, int choice1, int choice2, int choice3, struct gameState *state, int handPos, int *bonus)
        -:  777:{
        -:  778:  int i;
        -:  779:  int j;
        -:  780:  int k;
        -:  781:  int x;
        -:  782:  int index;
        1:  783:  int currentPlayer = whoseTurn(state);
        1:  784:  int nextPlayer = currentPlayer + 1;
        -:  785:
        1:  786:  int tributeRevealedCards[2] = {-1, -1};
        -:  787:  int temphand[MAX_HAND];// moved above the if statement
        1:  788:  int drawntreasure=0;
        -:  789:  int cardDrawn;
        1:  790:  int z = 0;// this is the counter for the temp hand
        1:  791:  if (nextPlayer > (state->numPlayers - 1)){
    #####:  792:    nextPlayer = 0;
        -:  793:  }
        -:  794:  
        -:  795:  
        -:  796:  //uses switch to select card and perform actions
        1:  797:  switch( card ) 
        -:  798:    {
        -:  799:    case adventurer:
    #####:  800:      adventurer_call(state, currentPlayer, drawntreasure, z, temphand, cardDrawn);
    #####:  801:      return 0;
        -:  802:			
        -:  803:    case council_room:
    #####:  804:      council_room_call(state, currentPlayer, handPos, i);
    #####:  805:      return 0;
        -:  806:			
        -:  807:    case feast:
    #####:  808:      feast_call(state, currentPlayer, i, x, choice1, temphand);
    #####:  809:      return 0;
        -:  810:			
        -:  811:    case gardens:
    #####:  812:      return gardens_call();
        -:  813:			
        -:  814:    case mine:
    #####:  815:      return mine_call(state, currentPlayer, choice1, choice2, handPos, i, j);
        -:  816:			
        -:  817:    case remodel:
    #####:  818:      j = state->hand[currentPlayer][choice1];  //store card we will trash
        -:  819:
    #####:  820:      if ( (getCost(state->hand[currentPlayer][choice1]) + 2) > getCost(choice2) )
        -:  821:	{
    #####:  822:	  return -1;
        -:  823:	}
        -:  824:
    #####:  825:      gainCard(choice2, state, 0, currentPlayer);
        -:  826:
        -:  827:      //discard card from hand
    #####:  828:      discardCard(handPos, currentPlayer, state, 0);
        -:  829:
        -:  830:      //discard trashed card
    #####:  831:      for (i = 0; i < state->handCount[currentPlayer]; i++)
        -:  832:	{
    #####:  833:	  if (state->hand[currentPlayer][i] == j)
        -:  834:	    {
    #####:  835:	      discardCard(i, currentPlayer, state, 0);			
    #####:  836:	      break;
        -:  837:	    }
        -:  838:	}
        -:  839:
        -:  840:
    #####:  841:      return 0;
        -:  842:		
        -:  843:    case smithy:
        -:  844:      //+3 Cards
    #####:  845:      for (i = 0; i < 3; i++)
        -:  846:	{
    #####:  847:	  drawCard(currentPlayer, state);
        -:  848:	}
        -:  849:			
        -:  850:      //discard card from hand
    #####:  851:      discardCard(handPos, currentPlayer, state, 0);
    #####:  852:      return 0;
        -:  853:		
        -:  854:    case village:
        -:  855:      //+1 Card
        1:  856:      drawCard(currentPlayer, state);
        -:  857:			
        -:  858:      //+2 Actions
        1:  859:      state->numActions = state->numActions + 2;
        -:  860:			
        -:  861:      //discard played card from hand
        1:  862:      discardCard(handPos, currentPlayer, state, 0);
        1:  863:      return 0;
        -:  864:		
        -:  865:    case baron:
    #####:  866:      state->numBuys++;//Increase buys by 1!
    #####:  867:      if (choice1 > 0){//Boolean true or going to discard an estate
    #####:  868:	int p = 0;//Iterator for hand!
    #####:  869:	int card_not_discarded = 1;//Flag for discard set!
    #####:  870:	while(card_not_discarded){
    #####:  871:	  if (state->hand[currentPlayer][p] == estate){//Found an estate card!
    #####:  872:	    state->coins += 4;//Add 4 coins to the amount of coins
    #####:  873:	    state->discard[currentPlayer][state->discardCount[currentPlayer]] = state->hand[currentPlayer][p];
    #####:  874:	    state->discardCount[currentPlayer]++;
    #####:  875:	    for (;p < state->handCount[currentPlayer]; p++){
    #####:  876:	      state->hand[currentPlayer][p] = state->hand[currentPlayer][p+1];
        -:  877:	    }
    #####:  878:	    state->hand[currentPlayer][state->handCount[currentPlayer]] = -1;
    #####:  879:	    state->handCount[currentPlayer]--;
    #####:  880:	    card_not_discarded = 0;//Exit the loop
        -:  881:	  }
    #####:  882:	  else if (p > state->handCount[currentPlayer]){
        -:  883:	    if(DEBUG) {
        -:  884:	      printf("No estate cards in your hand, invalid choice\n");
        -:  885:	      printf("Must gain an estate if there are any\n");
        -:  886:	    }
    #####:  887:	    if (supplyCount(estate, state) > 0){
    #####:  888:	      gainCard(estate, state, 0, currentPlayer);
    #####:  889:	      state->supplyCount[estate]--;//Decrement estates
    #####:  890:	      if (supplyCount(estate, state) == 0){
    #####:  891:		isGameOver(state);
        -:  892:	      }
        -:  893:	    }
    #####:  894:	    card_not_discarded = 0;//Exit the loop
        -:  895:	  }
        -:  896:			    
        -:  897:	  else{
    #####:  898:	    p++;//Next card
        -:  899:	  }
        -:  900:	}
        -:  901:      }
        -:  902:			    
        -:  903:      else{
    #####:  904:	if (supplyCount(estate, state) > 0){
    #####:  905:	  gainCard(estate, state, 0, currentPlayer);//Gain an estate
    #####:  906:	  state->supplyCount[estate]--;//Decrement Estates
    #####:  907:	  if (supplyCount(estate, state) == 0){
    #####:  908:	    isGameOver(state);
        -:  909:	  }
        -:  910:	}
        -:  911:      }
        -:  912:	    
        -:  913:      
    #####:  914:      return 0;
        -:  915:		
        -:  916:    case great_hall:
        -:  917:      //+1 Card
    #####:  918:      drawCard(currentPlayer, state);
        -:  919:			
        -:  920:      //+1 Actions
    #####:  921:      state->numActions++;
        -:  922:			
        -:  923:      //discard card from hand
    #####:  924:      discardCard(handPos, currentPlayer, state, 0);
    #####:  925:      return 0;
        -:  926:		
        -:  927:    case minion:
        -:  928:      //+1 action
    #####:  929:      state->numActions++;
        -:  930:			
        -:  931:      //discard card from hand
    #####:  932:      discardCard(handPos, currentPlayer, state, 0);
        -:  933:			
    #####:  934:      if (choice1)		//+2 coins
        -:  935:	{
    #####:  936:	  state->coins = state->coins + 2;
        -:  937:	}
        -:  938:			
    #####:  939:      else if (choice2)		//discard hand, redraw 4, other players with 5+ cards discard hand and draw 4
        -:  940:	{
        -:  941:	  //discard hand
    #####:  942:	  while(numHandCards(state) > 0)
        -:  943:	    {
    #####:  944:	      discardCard(handPos, currentPlayer, state, 0);
        -:  945:	    }
        -:  946:				
        -:  947:	  //draw 4
    #####:  948:	  for (i = 0; i < 4; i++)
        -:  949:	    {
    #####:  950:	      drawCard(currentPlayer, state);
        -:  951:	    }
        -:  952:				
        -:  953:	  //other players discard hand and redraw if hand size > 4
    #####:  954:	  for (i = 0; i < state->numPlayers; i++)
        -:  955:	    {
    #####:  956:	      if (i != currentPlayer)
        -:  957:		{
    #####:  958:		  if ( state->handCount[i] > 4 )
        -:  959:		    {
        -:  960:		      //discard hand
    #####:  961:		      while( state->handCount[i] > 0 )
        -:  962:			{
    #####:  963:			  discardCard(handPos, i, state, 0);
        -:  964:			}
        -:  965:							
        -:  966:		      //draw 4
    #####:  967:		      for (j = 0; j < 4; j++)
        -:  968:			{
    #####:  969:			  drawCard(i, state);
        -:  970:			}
        -:  971:		    }
        -:  972:		}
        -:  973:	    }
        -:  974:				
        -:  975:	}
    #####:  976:      return 0;
        -:  977:		
        -:  978:    case steward:
    #####:  979:      if (choice1 == 1)
        -:  980:	{
        -:  981:	  //+2 cards
    #####:  982:	  drawCard(currentPlayer, state);
    #####:  983:	  drawCard(currentPlayer, state);
        -:  984:	}
    #####:  985:      else if (choice1 == 2)
        -:  986:	{
        -:  987:	  //+2 coins
    #####:  988:	  state->coins = state->coins + 2;
        -:  989:	}
        -:  990:      else
        -:  991:	{
        -:  992:	  //trash 2 cards in hand
    #####:  993:	  discardCard(choice2, currentPlayer, state, 1);
    #####:  994:	  discardCard(choice3, currentPlayer, state, 1);
        -:  995:	}
        -:  996:			
        -:  997:      //discard card from hand
    #####:  998:      discardCard(handPos, currentPlayer, state, 0);
    #####:  999:      return 0;
        -: 1000:		
        -: 1001:    case tribute:
    #####: 1002:      if ((state->discardCount[nextPlayer] + state->deckCount[nextPlayer]) <= 1){
    #####: 1003:	if (state->deckCount[nextPlayer] > 0){
    #####: 1004:	  tributeRevealedCards[0] = state->deck[nextPlayer][state->deckCount[nextPlayer]-1];
    #####: 1005:	  state->deckCount[nextPlayer]--;
        -: 1006:	}
    #####: 1007:	else if (state->discardCount[nextPlayer] > 0){
    #####: 1008:	  tributeRevealedCards[0] = state->discard[nextPlayer][state->discardCount[nextPlayer]-1];
    #####: 1009:	  state->discardCount[nextPlayer]--;
        -: 1010:	}
        -: 1011:	else{
        -: 1012:	  //No Card to Reveal
        -: 1013:	  if (DEBUG){
        -: 1014:	    printf("No cards to reveal\n");
        -: 1015:	  }
        -: 1016:	}
        -: 1017:      }
        -: 1018:	    
        -: 1019:      else{
    #####: 1020:	if (state->deckCount[nextPlayer] == 0){
    #####: 1021:	  for (i = 0; i < state->discardCount[nextPlayer]; i++){
    #####: 1022:	    state->deck[nextPlayer][i] = state->discard[nextPlayer][i];//Move to deck
    #####: 1023:	    state->deckCount[nextPlayer]++;
    #####: 1024:	    state->discard[nextPlayer][i] = -1;
    #####: 1025:	    state->discardCount[nextPlayer]--;
        -: 1026:	  }
        -: 1027:			    
    #####: 1028:	  shuffle(nextPlayer,state);//Shuffle the deck
        -: 1029:	} 
    #####: 1030:	tributeRevealedCards[0] = state->deck[nextPlayer][state->deckCount[nextPlayer]-1];
    #####: 1031:	state->deck[nextPlayer][state->deckCount[nextPlayer]--] = -1;
    #####: 1032:	state->deckCount[nextPlayer]--;
    #####: 1033:	tributeRevealedCards[1] = state->deck[nextPlayer][state->deckCount[nextPlayer]-1];
    #####: 1034:	state->deck[nextPlayer][state->deckCount[nextPlayer]--] = -1;
    #####: 1035:	state->deckCount[nextPlayer]--;
        -: 1036:      }    
        -: 1037:		       
    #####: 1038:      if (tributeRevealedCards[0] == tributeRevealedCards[1]){//If we have a duplicate card, just drop one 
    #####: 1039:	state->playedCards[state->playedCardCount] = tributeRevealedCards[1];
    #####: 1040:	state->playedCardCount++;
    #####: 1041:	tributeRevealedCards[1] = -1;
        -: 1042:      }
        -: 1043:
    #####: 1044:      for (i = 0; i <= 2; i ++){
    #####: 1045:	if (tributeRevealedCards[i] == copper || tributeRevealedCards[i] == silver || tributeRevealedCards[i] == gold){//Treasure cards
    #####: 1046:	  state->coins += 2;
        -: 1047:	}
        -: 1048:		    
    #####: 1049:	else if (tributeRevealedCards[i] == estate || tributeRevealedCards[i] == duchy || tributeRevealedCards[i] == province || tributeRevealedCards[i] == gardens || tributeRevealedCards[i] == great_hall){//Victory Card Found
    #####: 1050:	  drawCard(currentPlayer, state);
    #####: 1051:	  drawCard(currentPlayer, state);
        -: 1052:	}
        -: 1053:	else{//Action Card
    #####: 1054:	  state->numActions = state->numActions + 2;
        -: 1055:	}
        -: 1056:      }
        -: 1057:	    
    #####: 1058:      return 0;
        -: 1059:		
        -: 1060:    case ambassador:
    #####: 1061:      j = 0;		//used to check if player has enough cards to discard
        -: 1062:
    #####: 1063:      if (choice2 > 2 || choice2 < 0)
        -: 1064:	{
    #####: 1065:	  return -1;				
        -: 1066:	}
        -: 1067:
    #####: 1068:      if (choice1 == handPos)
        -: 1069:	{
    #####: 1070:	  return -1;
        -: 1071:	}
        -: 1072:
    #####: 1073:      for (i = 0; i < state->handCount[currentPlayer]; i++)
        -: 1074:	{
    #####: 1075:	  if (i != handPos && i == state->hand[currentPlayer][choice1] && i != choice1)
        -: 1076:	    {
    #####: 1077:	      j++;
        -: 1078:	    }
        -: 1079:	}
    #####: 1080:      if (j < choice2)
        -: 1081:	{
    #####: 1082:	  return -1;				
        -: 1083:	}
        -: 1084:
        -: 1085:      if (DEBUG) 
        -: 1086:	printf("Player %d reveals card number: %d\n", currentPlayer, state->hand[currentPlayer][choice1]);
        -: 1087:
        -: 1088:      //increase supply count for choosen card by amount being discarded
    #####: 1089:      state->supplyCount[state->hand[currentPlayer][choice1]] += choice2;
        -: 1090:			
        -: 1091:      //each other player gains a copy of revealed card
    #####: 1092:      for (i = 0; i < state->numPlayers; i++)
        -: 1093:	{
    #####: 1094:	  if (i != currentPlayer)
        -: 1095:	    {
    #####: 1096:	      gainCard(state->hand[currentPlayer][choice1], state, 0, i);
        -: 1097:	    }
        -: 1098:	}
        -: 1099:
        -: 1100:      //discard played card from hand
    #####: 1101:      discardCard(handPos, currentPlayer, state, 0);			
        -: 1102:
        -: 1103:      //trash copies of cards returned to supply
    #####: 1104:      for (j = 0; j < choice2; j++)
        -: 1105:	{
    #####: 1106:	  for (i = 0; i < state->handCount[currentPlayer]; i++)
        -: 1107:	    {
    #####: 1108:	      if (state->hand[currentPlayer][i] == state->hand[currentPlayer][choice1])
        -: 1109:		{
    #####: 1110:		  discardCard(i, currentPlayer, state, 1);
    #####: 1111:		  break;
        -: 1112:		}
        -: 1113:	    }
        -: 1114:	}			
        -: 1115:
    #####: 1116:      return 0;
        -: 1117:		
        -: 1118:    case cutpurse:
        -: 1119:
    #####: 1120:      updateCoins(currentPlayer, state, 2);
    #####: 1121:      for (i = 0; i < state->numPlayers; i++)
        -: 1122:	{
    #####: 1123:	  if (i != currentPlayer)
        -: 1124:	    {
    #####: 1125:	      for (j = 0; j < state->handCount[i]; j++)
        -: 1126:		{
    #####: 1127:		  if (state->hand[i][j] == copper)
        -: 1128:		    {
    #####: 1129:		      discardCard(j, i, state, 0);
    #####: 1130:		      break;
        -: 1131:		    }
    #####: 1132:		  if (j == state->handCount[i])
        -: 1133:		    {
    #####: 1134:		      for (k = 0; k < state->handCount[i]; k++)
        -: 1135:			{
        -: 1136:			  if (DEBUG)
        -: 1137:			    printf("Player %d reveals card number %d\n", i, state->hand[i][k]);
        -: 1138:			}	
    #####: 1139:		      break;
        -: 1140:		    }		
        -: 1141:		}
        -: 1142:					
        -: 1143:	    }
        -: 1144:				
        -: 1145:	}				
        -: 1146:
        -: 1147:      //discard played card from hand
    #####: 1148:      discardCard(handPos, currentPlayer, state, 0);			
        -: 1149:
    #####: 1150:      return 0;
        -: 1151:
        -: 1152:		
        -: 1153:    case embargo: 
        -: 1154:      //+2 Coins
    #####: 1155:      state->coins = state->coins + 2;
        -: 1156:			
        -: 1157:      //see if selected pile is in play
    #####: 1158:      if ( state->supplyCount[choice1] == -1 )
        -: 1159:	{
    #####: 1160:	  return -1;
        -: 1161:	}
        -: 1162:			
        -: 1163:      //add embargo token to selected supply pile
    #####: 1164:      state->embargoTokens[choice1]++;
        -: 1165:			
        -: 1166:      //trash card
    #####: 1167:      discardCard(handPos, currentPlayer, state, 1);		
    #####: 1168:      return 0;
        -: 1169:		
        -: 1170:    case outpost:
        -: 1171:      //set outpost flag
    #####: 1172:      state->outpostPlayed++;
        -: 1173:			
        -: 1174:      //discard card
    #####: 1175:      discardCard(handPos, currentPlayer, state, 0);
    #####: 1176:      return 0;
        -: 1177:		
        -: 1178:    case salvager:
        -: 1179:      //+1 buy
    #####: 1180:      state->numBuys++;
        -: 1181:			
    #####: 1182:      if (choice1)
        -: 1183:	{
        -: 1184:	  //gain coins equal to trashed card
    #####: 1185:	  state->coins = state->coins + getCost( handCard(choice1, state) );
        -: 1186:	  //trash card
    #####: 1187:	  discardCard(choice1, currentPlayer, state, 1);	
        -: 1188:	}
        -: 1189:			
        -: 1190:      //discard card
    #####: 1191:      discardCard(handPos, currentPlayer, state, 0);
    #####: 1192:      return 0;
        -: 1193:		
        -: 1194:    case sea_hag:
    #####: 1195:      for (i = 0; i < state->numPlayers; i++){
    #####: 1196:	if (i != currentPlayer){
    #####: 1197:	  state->discard[i][state->discardCount[i]] = state->deck[i][state->deckCount[i]--];			    state->deckCount[i]--;
    #####: 1198:	  state->discardCount[i]++;
    #####: 1199:	  state->deck[i][state->deckCount[i]--] = curse;//Top card now a curse
        -: 1200:	}
        -: 1201:      }
    #####: 1202:      return 0;
        -: 1203:		
        -: 1204:    case treasure_map:
        -: 1205:      //search hand for another treasure_map
    #####: 1206:      index = -1;
    #####: 1207:      for (i = 0; i < state->handCount[currentPlayer]; i++)
        -: 1208:	{
    #####: 1209:	  if (state->hand[currentPlayer][i] == treasure_map && i != handPos)
        -: 1210:	    {
    #####: 1211:	      index = i;
    #####: 1212:	      break;
        -: 1213:	    }
        -: 1214:	}
    #####: 1215:      if (index > -1)
        -: 1216:	{
        -: 1217:	  //trash both treasure cards
    #####: 1218:	  discardCard(handPos, currentPlayer, state, 1);
    #####: 1219:	  discardCard(index, currentPlayer, state, 1);
        -: 1220:
        -: 1221:	  //gain 4 Gold cards
    #####: 1222:	  for (i = 0; i < 4; i++)
        -: 1223:	    {
    #####: 1224:	      gainCard(gold, state, 1, currentPlayer);
        -: 1225:	    }
        -: 1226:				
        -: 1227:	  //return success
    #####: 1228:	  return 1;
        -: 1229:	}
        -: 1230:			
        -: 1231:      //no second treasure_map found in hand
    #####: 1232:      return -1;
        -: 1233:    }
        -: 1234:	
    #####: 1235:  return -1;
        -: 1236:}
        -: 1237:
        1: 1238:int discardCard(int handPos, int currentPlayer, struct gameState *state, int trashFlag)
        -: 1239:{
        -: 1240:	
        -: 1241:  //if card is not trashed, added to Played pile 
        1: 1242:  if (trashFlag < 1)
        -: 1243:    {
        -: 1244:      //add card to played pile
        1: 1245:      state->playedCards[state->playedCardCount] = state->hand[currentPlayer][handPos]; 
        1: 1246:      state->playedCardCount++;
        -: 1247:    }
        -: 1248:	
        -: 1249:  //set played card to -1
        1: 1250:  state->hand[currentPlayer][handPos] = -1;
        -: 1251:	
        -: 1252:  //remove card from player's hand
        1: 1253:  if ( handPos == (state->handCount[currentPlayer] - 1) ) 	//last card in hand array is played
        -: 1254:    {
        -: 1255:      //reduce number of cards in hand
    #####: 1256:      state->handCount[currentPlayer]--;
        -: 1257:    }
        1: 1258:  else if ( state->handCount[currentPlayer] == 1 ) //only one card in hand
        -: 1259:    {
        -: 1260:      //reduce number of cards in hand
    #####: 1261:      state->handCount[currentPlayer]--;
        -: 1262:    }
        -: 1263:  else 	
        -: 1264:    {
        -: 1265:      //replace discarded card with last card in hand
        1: 1266:      state->hand[currentPlayer][handPos] = state->hand[currentPlayer][ (state->handCount[currentPlayer] - 1)];
        -: 1267:      //set last card to -1
        1: 1268:      state->hand[currentPlayer][state->handCount[currentPlayer] - 1] = -1;
        -: 1269:      //reduce number of cards in hand
        1: 1270:      state->handCount[currentPlayer]--;
        -: 1271:    }
        -: 1272:	
        1: 1273:  return 0;
        -: 1274:}
        -: 1275:
    #####: 1276:int gainCard(int supplyPos, struct gameState *state, int toFlag, int player)
        -: 1277:{
        -: 1278:  //Note: supplyPos is enum of choosen card
        -: 1279:	
        -: 1280:  //check if supply pile is empty (0) or card is not used in game (-1)
    #####: 1281:  if ( supplyCount(supplyPos, state) < 1 )
        -: 1282:    {
    #####: 1283:      return -1;
        -: 1284:    }
        -: 1285:	
        -: 1286:  //added card for [whoseTurn] current player:
        -: 1287:  // toFlag = 0 : add to discard
        -: 1288:  // toFlag = 1 : add to deck
        -: 1289:  // toFlag = 2 : add to hand
        -: 1290:
    #####: 1291:  if (toFlag == 1)
        -: 1292:    {
    #####: 1293:      state->deck[ player ][ state->deckCount[player] ] = supplyPos;
    #####: 1294:      state->deckCount[player]++;
        -: 1295:    }
    #####: 1296:  else if (toFlag == 2)
        -: 1297:    {
    #####: 1298:      state->hand[ player ][ state->handCount[player] ] = supplyPos;
    #####: 1299:      state->handCount[player]++;
        -: 1300:    }
        -: 1301:  else
        -: 1302:    {
    #####: 1303:      state->discard[player][ state->discardCount[player] ] = supplyPos;
    #####: 1304:      state->discardCount[player]++;
        -: 1305:    }
        -: 1306:	
        -: 1307:  //decrease number in supply pile
    #####: 1308:  state->supplyCount[supplyPos]--;
        -: 1309:	 
    #####: 1310:  return 0;
        -: 1311:}
        -: 1312:
        2: 1313:int updateCoins(int player, struct gameState *state, int bonus)
        -: 1314:{
        -: 1315:  int i;
        -: 1316:	
        -: 1317:  //reset coin count
        2: 1318:  state->coins = 0;
        -: 1319:
        -: 1320:  //add coins for each Treasure card in player's hand
       12: 1321:  for (i = 0; i < state->handCount[player]; i++)
        -: 1322:    {
       10: 1323:      if (state->hand[player][i] == copper)
        -: 1324:	{
        8: 1325:	  state->coins += 1;
        -: 1326:	}
        2: 1327:      else if (state->hand[player][i] == silver)
        -: 1328:	{
    #####: 1329:	  state->coins += 2;
        -: 1330:	}
        2: 1331:      else if (state->hand[player][i] == gold)
        -: 1332:	{
    #####: 1333:	  state->coins += 3;
        -: 1334:	}	
        -: 1335:    }	
        -: 1336:
        -: 1337:  //add bonus
        2: 1338:  state->coins += bonus;
        -: 1339:
        2: 1340:  return 0;
        -: 1341:}
        -: 1342:
        -: 1343:
        -: 1344://end of dominion.c
        -: 1345:
